[Bootstrap]
SetupTitle=Install
SetupText=Copying Files, please stand by.
CabFile=BLSlider.CAB
Spawn=Setup1.exe
Uninstal=st6unst.exe
TmpDir=msftqws.pdw
Cabs=1

[Bootstrap Files]
File1=@VB6STKIT.DLL,$(WinSysPathSysFile),,,6/18/98 12:00:00 AM,102912,6.0.81.69
File2=@COMCAT.DLL,$(WinSysPathSysFile),$(DLLSelfRegister),,5/31/98 12:00:00 AM,22288,4.71.1460.1
File3=@STDOLE2.TLB,$(WinSysPathSysFile),$(TLBRegister),,8/31/99 4:55:18 PM,17920,2.40.4277.1
File4=@ASYCFILT.DLL,$(WinSysPathSysFile),,,8/31/99 4:55:18 PM,147728,2.40.4277.1
File5=@OLEPRO32.DLL,$(WinSysPathSysFile),$(DLLSelfRegister),,8/31/99 4:55:18 PM,164112,5.0.4277.1
File6=@OLEAUT32.DLL,$(WinSysPathSysFile),$(DLLSelfRegister),,8/31/99 4:55:18 PM,598288,2.40.4277.1
File7=@MSVBVM60.DLL,$(WinSysPathSysFile),$(DLLSelfRegister),,5/10/99 12:00:00 AM,1384448,6.0.84.95

[IconGroups]
Group0=Black Lotus Software
PrivateGroup0=True
Parent0=$(Programs)

[Black Lotus Software]
Icon1="BLSlider.exe"
Title1=Black Lotus Slider v1.0 Beta
StartIn1=$(AppPath)

[Setup]
Title=Black Lotus Slider v1.0 Beta
DefaultDir=$(ProgramFiles)\BLSLIDER
AppExe=BLSlider.exe
AppToUninstall=BLSlider.exe

[Setup1 Files]
File1=@prologo.dat,$(AppPath),,,8/23/99 4:48:12 AM,69449,0.0.0.0
File2=@tripscreen.jpg,$(AppPath),,,8/26/99 2:21:16 AM,55980,0.0.0.0
File3=@readme.txt,$(AppPath),,,9/7/99 6:23:00 AM,4930,0.0.0.0
File4=@ravenskull.jpg,$(AppPath),,,8/26/99 2:22:18 AM,115943,0.0.0.0
File5=@neonpizza.jpg,$(AppPath),,,8/26/99 2:19:34 AM,98436,0.0.0.0
File6=@mermaid.jpg,$(AppPath),,,8/26/99 2:13:32 AM,123454,0.0.0.0
File7=@luckystrike.jpg,$(AppPath),,,8/26/99 3:41:20 PM,35554,0.0.0.0
File8=@fireworks.jpg,$(AppPath),,,8/26/99 3:39:06 PM,56100,0.0.0.0
File9=@brkface.jpg,$(AppPath),,,8/26/99 2:17:08 AM,114137,0.0.0.0
File10=@blslogo.dat,$(AppPath),,,8/22/99 10:03:50 AM,8962,0.0.0.0
File11=@blsini.dat,$(AppPath),,,1/25/00 11:56:58 PM,62,0.0.0.0
File12=@Reset.exe,$(AppPath),,,8/26/99 3:04:24 PM,8192,1.0.0.0
File13=@BLSlider.exe,$(AppPath),,,1/25/00 11:12:44 PM,36864,1.0.0.0

; The following lines may be deleted in order to obtain extra 
; space for customizing this file on a full installation diskette.
; 
; XXXXXXXXXXXXXXXXXXXXXXXXXXXXXXXXXXXXXXXXXXXXXXXXXXXXXXXXXXXX
; XXXXXXXXXXXXXXXXXXXXXXXXXXXXXXXXXXXXXXXXXXXXXXXXXXXXXXXXXXXX
; XXXXXXXXXXXXXXXXXXXXXXXXXXXXXXXXXXXXXXXXXXXXXXXXXXXXXXXXXXXX
; XXXXXXXXXXXXXXXXXXXXXXXXXXXXXXXXXXXXXXXXXXXXXXXXXXXXXXXXXXXX
; XXXXXXXXXXXXXXXXXXXXXXXXXXXXXXXXXXXXXXXXXXXXXXXXXXXXXXXXXXXX
; XXXXXXXXXXXXXXXXXXXXXXXXXXXXXXXXXXXXXXXXXXXXXXXXXXXXXXXXXXXX
; XXXXXXXXXXXXXXXXXXXXXXXXXXXXXXXXXXXXXXXXXXXXXXXXXXXXXXXXXXXX
; XXXXXXXXXXXXXXXXXXXXXXXXXXXXXXXXXXXXXXXXXXXXXXXXXXXXXXXXXXXX
; XXXXXXXXXXXXXXXXXXXXXXXXXXXXXXXXXXXXXXXXXXXXXXXXXXXXXXXXXXXX
; XXXXXXXXXXXXXXXXXXXXXXXXXXXXXXXXXXXXXXXXXXXXXXXXXXXXXXXXXXXX
; XXXXXXXXXXXXXXXXXXXXXXXXXXXXXXXXXXXXXXXXXXXXXXXXXXXXXXXXXXXX
; XXXXXXXXXXXXXXXXXXXXXXXXXXXXXXXXXXXXXXXXXXXXXXXXXXXXXXXXXXXX
; XXXXXXXXXXXXXXXXXXXXXXXXXXXXXXXXXXXXXXXXXXXXXXXXXXXXXXXXXXXX
; XXXXXXXXXXXXXXXXXXXXXXXXXXXXXXXXXXXXXXXXXXXXXXXXXXXXXXXXXXXX
; XXXXXXXXXXXXXXXXXXXXXXXXXXXXXXXXXXXXXXXXXXXXXXXXXXXXXXXXXXXX
; XXXXXXXXXXXXXXXXXXXXXXXXXXXXXXXXXXXXXXXXXXXXXXXXXXXXXXXXXXXX
; XXXXXXXXXXXXXXXXXXXXXXXXXXXXXXXXXXXXXXXXXXXXXXXXXXXXXXXXXXXX
; XXXXXXXXXXXXXXXXXXXXXXXXXXXXXXXXXXXXXXXXXXXXXXXXXXXXXXXXXXXX
; XXXXXXXXXXXXXXXXXXXXXXXXXXXXXXXXXXXXXXXXXXXXXXXXXXXXXXXXXXXX
; XXXXXXXXXXXXXXXXXXXXXXXXXXXXXXXXXXXXXXXXXXXXXXXXXXXXXXXXXXXX
; XXXXXXXXXXXXXXXXXXXXXXXXXXXXXXXXXXXXXXXXXXXXXXXXXXXXXXXXXXXX
; XXXXXXXXXXXXXXXXXXXXXXXXXXXXXXXXXXXXXXXXXXXXXXXXXXXXXXXXXXXX
; XXXXXXXXXXXXXXXXXXXXXXXXXXXXXXXXXXXXXXXXXXXXXXXXXXXXXXXXXXXX
; XXXXXXXXXXXXXXXXXXXXXXXXXXXXXXXXXXXXXXXXXXXXXXXXXXXXXXXXXXXX
; XXXXXXXXXXXXXXXXXXXXXXXXXXXXXXXXXXXXXXXXXXXXXXXXXXXXXXXXXXXX
; XXXXXXXXXXXXXXXXXXXXXXXXXXXXXXXXXXXXXXXXXXXXXXXXXXXXXXXXXXXX
; XXXXXXXXXXXXXXXXXXXXXXXXXXXXXXXXXXXXXXXXXXXXXXXXXXXXXXXXXXXX
; XXXXXXXXXXXXXXXXXXXXXXXXXXXXXXXXXXXXXXXXXXXXXXXXXXXXXXXXXXXX
; XXXXXXXXXXXXXXXXXXXXXXXXXXXXXXXXXXXXXXXXXXXXXXXXXXXXXXXXXXXX
; XXXXXXXXXXXXXXXXXXXXXXXXXXXXXXXXXXXXXXXXXXXXXXXXXXXXXXXXXXXX
; XXXXXXXXXXXXXXXXXXXXXXXXXXXXXXXXXXXXXXXXXXXXXXXXXXXXXXXXXXXX
; XXXXXXXXXXXXXXXXXXXXXXXXXXXXXXXXXXXXXXXXXXXXXXXXXXXXXXXXXXXX
; XXXXXXXXXXXXXXXXXXXXXXXXXXXXXXXXXXXXXXXXXXXXXXXXXXXXXXXXXXXX
; XXXXXXXXXXXXXXXXXXXXXXXXXXXXXXXXXXXXXXXXXXXXXXXXXXXXXXXXXXXX
; XXXXXXXXXXXXXXXXXXXXXXXXXXXXXXXXXXXXXXXXXXXXXXXXXXXXXXXXXXXX
