 %% PLEASE DO NOT MODIFY OR DELETE THIS FILE! %% 
 %% This file contains information about the installation of an application. %% 
 %% It will be used to automatically remove all application components from your computer if you choose to do so. %% 


NOTE: Beginning of the bootstrapper section

CONFIG: Title: "Black Lotus Slider v1.0 Beta"

ACTION: RegKey: "HKEY_LOCAL_MACHINE\SOFTWARE\Microsoft\Windows\CurrentVersion", "SharedDLLs"

ACTION: SystemFile: "C:\WIN98\SYSTEM\VB6STKIT.DLL"
(File currently on disk was already up to date)

ACTION: SystemFile: "C:\WIN98\SYSTEM\COMCAT.DLL"
(File currently on disk was already up to date)

ACTION: SystemFile: "C:\WIN98\SYSTEM\STDOLE2.TLB"
(File currently on disk was already up to date)

ACTION: SystemFile: "C:\WIN98\SYSTEM\ASYCFILT.DLL"
(File currently on disk was already up to date)

ACTION: SystemFile: "C:\WIN98\SYSTEM\OLEPRO32.DLL"
(File currently on disk was already up to date)

ACTION: SystemFile: "C:\WIN98\SYSTEM\OLEAUT32.DLL"
(File currently on disk was already up to date)

ACTION: SystemFile: "C:\WIN98\SYSTEM\MSVBVM60.DLL"
(File currently on disk was already up to date)

ACTION: DllSelfRegister: "C:\WIN98\SYSTEM\COMCAT.DLL"

ACTION: TLBRegister: "C:\WIN98\SYSTEM\STDOLE2.TLB"

ACTION: DllSelfRegister: "C:\WIN98\SYSTEM\OLEPRO32.DLL"

ACTION: DllSelfRegister: "C:\WIN98\SYSTEM\OLEAUT32.DLL"

ACTION: DllSelfRegister: "C:\WIN98\SYSTEM\MSVBVM60.DLL"

NOTE: End of the bootstrapper section

NOTE: Now spawning the main Setup program 'Setup1.exe'....

ACTION: PrivateFile: "C:\Program Files\Slider\prologo.dat"
(File was not found or was an older version -- new file copied)

ACTION: PrivateFile: "C:\Program Files\Slider\tripscreen.jpg"
(File was not found or was an older version -- new file copied)

ACTION: PrivateFile: "C:\Program Files\Slider\readme.txt"
(File was not found or was an older version -- new file copied)

ACTION: PrivateFile: "C:\Program Files\Slider\ravenskull.jpg"
(File was not found or was an older version -- new file copied)

ACTION: PrivateFile: "C:\Program Files\Slider\neonpizza.jpg"
(File was not found or was an older version -- new file copied)

ACTION: PrivateFile: "C:\Program Files\Slider\mermaid.jpg"
(File was not found or was an older version -- new file copied)

ACTION: PrivateFile: "C:\Program Files\Slider\luckystrike.jpg"
(File was not found or was an older version -- new file copied)

ACTION: PrivateFile: "C:\Program Files\Slider\fireworks.jpg"
(File was not found or was an older version -- new file copied)

ACTION: PrivateFile: "C:\Program Files\Slider\brkface.jpg"
(File was not found or was an older version -- new file copied)

ACTION: PrivateFile: "C:\Program Files\Slider\blslogo.dat"
(File was not found or was an older version -- new file copied)

ACTION: PrivateFile: "C:\Program Files\Slider\blsini.dat"
(File was not found or was an older version -- new file copied)

ACTION: PrivateFile: "C:\Program Files\Slider\Reset.exe"
(File was not found or was an older version -- new file copied)

ACTION: PrivateFile: "C:\Program Files\Slider\BLSlider.exe"
(File was not found or was an older version -- new file copied)

ACTION: ShellLink: "Black Lotus Software", "Black Lotus Slider v1.0 Beta"

ACTION: RegKey: "HKEY_LOCAL_MACHINE\SOFTWARE\Microsoft\Windows\CurrentVersion", "App Paths\BLSlider.exe"

ACTION: RegValue: "HKEY_LOCAL_MACHINE\SOFTWARE\Microsoft\Windows\CurrentVersion\App Paths\BLSlider.exe", ""

